[05-Aug-2024 14:14:52 UTC] PHP Warning:  Trying to access array offset on value of type null in C:\Users\Pablo\Local Sites\hachetiedaweb\app\public\wp-content\plugins\elementor\includes\controls\groups\image-size.php on line 110
[05-Aug-2024 17:12:01 UTC] PHP Warning:  Undefined array key "editor_post_id" in C:\Users\Pablo\Local Sites\hachetiedaweb\app\public\wp-content\plugins\elementor\modules\history\revisions-manager.php on line 363
[06-Aug-2024 12:33:14 UTC] PHP Warning:  Attempt to read property "count" on bool in C:\Users\Pablo\Local Sites\hachetiedaweb\app\public\wp-content\plugins\premium-addons-for-elementor\widgets\premium-nav-menu.php on line 4694
[06-Aug-2024 20:33:07 UTC] PHP Warning:  Undefined array key "pa_tooltip_class" in C:\Users\Pablo\Local Sites\hachetiedaweb\app\public\wp-content\plugins\premium-addons-for-elementor\modules\premium-global-tooltips\module.php on line 1227
[06-Aug-2024 20:33:13 UTC] PHP Warning:  Undefined array key "pa_tooltip_class" in C:\Users\Pablo\Local Sites\hachetiedaweb\app\public\wp-content\plugins\premium-addons-for-elementor\modules\premium-global-tooltips\module.php on line 1227
[06-Aug-2024 20:33:14 UTC] PHP Warning:  Undefined array key "pa_tooltip_class" in C:\Users\Pablo\Local Sites\hachetiedaweb\app\public\wp-content\plugins\premium-addons-for-elementor\modules\premium-global-tooltips\module.php on line 1227
[06-Aug-2024 20:33:17 UTC] PHP Warning:  Undefined array key "pa_tooltip_class" in C:\Users\Pablo\Local Sites\hachetiedaweb\app\public\wp-content\plugins\premium-addons-for-elementor\modules\premium-global-tooltips\module.php on line 1227
[06-Aug-2024 20:33:19 UTC] PHP Warning:  Undefined array key "pa_tooltip_class" in C:\Users\Pablo\Local Sites\hachetiedaweb\app\public\wp-content\plugins\premium-addons-for-elementor\modules\premium-global-tooltips\module.php on line 1227
[06-Aug-2024 20:33:22 UTC] PHP Warning:  Undefined array key "pa_tooltip_class" in C:\Users\Pablo\Local Sites\hachetiedaweb\app\public\wp-content\plugins\premium-addons-for-elementor\modules\premium-global-tooltips\module.php on line 1227
[06-Aug-2024 20:33:22 UTC] PHP Warning:  Undefined array key "pa_tooltip_class" in C:\Users\Pablo\Local Sites\hachetiedaweb\app\public\wp-content\plugins\premium-addons-for-elementor\modules\premium-global-tooltips\module.php on line 1227
[06-Aug-2024 20:33:24 UTC] PHP Warning:  Undefined array key "pa_tooltip_class" in C:\Users\Pablo\Local Sites\hachetiedaweb\app\public\wp-content\plugins\premium-addons-for-elementor\modules\premium-global-tooltips\module.php on line 1227
[06-Aug-2024 20:33:24 UTC] PHP Warning:  Undefined array key "pa_tooltip_class" in C:\Users\Pablo\Local Sites\hachetiedaweb\app\public\wp-content\plugins\premium-addons-for-elementor\modules\premium-global-tooltips\module.php on line 1227
[06-Aug-2024 20:33:27 UTC] PHP Warning:  Undefined array key "pa_tooltip_class" in C:\Users\Pablo\Local Sites\hachetiedaweb\app\public\wp-content\plugins\premium-addons-for-elementor\modules\premium-global-tooltips\module.php on line 1227
[06-Aug-2024 20:33:27 UTC] PHP Warning:  Undefined array key "pa_tooltip_class" in C:\Users\Pablo\Local Sites\hachetiedaweb\app\public\wp-content\plugins\premium-addons-for-elementor\modules\premium-global-tooltips\module.php on line 1227
[06-Aug-2024 20:33:29 UTC] PHP Warning:  Undefined array key "pa_tooltip_class" in C:\Users\Pablo\Local Sites\hachetiedaweb\app\public\wp-content\plugins\premium-addons-for-elementor\modules\premium-global-tooltips\module.php on line 1227
[06-Aug-2024 20:33:29 UTC] PHP Warning:  Undefined array key "pa_tooltip_class" in C:\Users\Pablo\Local Sites\hachetiedaweb\app\public\wp-content\plugins\premium-addons-for-elementor\modules\premium-global-tooltips\module.php on line 1227
[06-Aug-2024 20:33:31 UTC] PHP Warning:  Undefined array key "pa_tooltip_class" in C:\Users\Pablo\Local Sites\hachetiedaweb\app\public\wp-content\plugins\premium-addons-for-elementor\modules\premium-global-tooltips\module.php on line 1227
[06-Aug-2024 20:33:57 UTC] PHP Warning:  Undefined array key "pa_tooltip_class" in C:\Users\Pablo\Local Sites\hachetiedaweb\app\public\wp-content\plugins\premium-addons-for-elementor\modules\premium-global-tooltips\module.php on line 1227
[06-Aug-2024 20:34:42 UTC] PHP Warning:  Undefined array key "pa_tooltip_class" in C:\Users\Pablo\Local Sites\hachetiedaweb\app\public\wp-content\plugins\premium-addons-for-elementor\modules\premium-global-tooltips\module.php on line 1227
[06-Aug-2024 20:34:49 UTC] PHP Warning:  Undefined array key "pa_tooltip_class" in C:\Users\Pablo\Local Sites\hachetiedaweb\app\public\wp-content\plugins\premium-addons-for-elementor\modules\premium-global-tooltips\module.php on line 1227
[06-Aug-2024 20:34:52 UTC] PHP Warning:  Undefined array key "pa_tooltip_class" in C:\Users\Pablo\Local Sites\hachetiedaweb\app\public\wp-content\plugins\premium-addons-for-elementor\modules\premium-global-tooltips\module.php on line 1227
[06-Aug-2024 20:34:58 UTC] PHP Warning:  Undefined array key "pa_tooltip_class" in C:\Users\Pablo\Local Sites\hachetiedaweb\app\public\wp-content\plugins\premium-addons-for-elementor\modules\premium-global-tooltips\module.php on line 1227
[06-Aug-2024 20:35:07 UTC] PHP Warning:  Undefined array key "pa_tooltip_class" in C:\Users\Pablo\Local Sites\hachetiedaweb\app\public\wp-content\plugins\premium-addons-for-elementor\modules\premium-global-tooltips\module.php on line 1227
[06-Aug-2024 20:35:18 UTC] PHP Warning:  Undefined array key "pa_tooltip_class" in C:\Users\Pablo\Local Sites\hachetiedaweb\app\public\wp-content\plugins\premium-addons-for-elementor\modules\premium-global-tooltips\module.php on line 1227
[06-Aug-2024 20:35:27 UTC] PHP Warning:  Undefined array key "pa_tooltip_class" in C:\Users\Pablo\Local Sites\hachetiedaweb\app\public\wp-content\plugins\premium-addons-for-elementor\modules\premium-global-tooltips\module.php on line 1227
[06-Aug-2024 20:35:37 UTC] PHP Warning:  Undefined array key "pa_tooltip_class" in C:\Users\Pablo\Local Sites\hachetiedaweb\app\public\wp-content\plugins\premium-addons-for-elementor\modules\premium-global-tooltips\module.php on line 1227
[06-Aug-2024 20:36:17 UTC] PHP Warning:  Undefined array key "pa_tooltip_class" in C:\Users\Pablo\Local Sites\hachetiedaweb\app\public\wp-content\plugins\premium-addons-for-elementor\modules\premium-global-tooltips\module.php on line 1227
[06-Aug-2024 21:15:14 UTC] PHP Warning:  Undefined variable $qsid in C:\Users\Pablo\Local Sites\hachetiedaweb\app\public\wp-content\plugins\child-theme-configurator\includes\classes\CSS.php on line 958
[06-Aug-2024 21:15:14 UTC] PHP Warning:  Undefined variable $qsid in C:\Users\Pablo\Local Sites\hachetiedaweb\app\public\wp-content\plugins\child-theme-configurator\includes\classes\CSS.php on line 960
[06-Aug-2024 21:15:14 UTC] PHP Warning:  Undefined variable $qsid in C:\Users\Pablo\Local Sites\hachetiedaweb\app\public\wp-content\plugins\child-theme-configurator\includes\classes\CSS.php on line 967
[06-Aug-2024 21:15:14 UTC] PHP Warning:  Undefined variable $qsid in C:\Users\Pablo\Local Sites\hachetiedaweb\app\public\wp-content\plugins\child-theme-configurator\includes\classes\CSS.php on line 968
[06-Aug-2024 21:15:14 UTC] PHP Warning:  Undefined variable $qsid in C:\Users\Pablo\Local Sites\hachetiedaweb\app\public\wp-content\plugins\child-theme-configurator\includes\classes\CSS.php on line 971
[07-Aug-2024 14:38:12 UTC] PHP Warning:  Undefined array key "eael_contact_form_alignment" in C:\Users\Pablo\Local Sites\hachetiedaweb\app\public\wp-content\plugins\essential-addons-for-elementor-lite\includes\Elements\Contact_Form_7.php on line 1731
[07-Aug-2024 14:38:12 UTC] PHP Warning:  Undefined array key "eael_contact_form_alignment" in C:\Users\Pablo\Local Sites\hachetiedaweb\app\public\wp-content\plugins\essential-addons-for-elementor-lite\includes\Elements\Contact_Form_7.php on line 1733
[07-Aug-2024 14:38:12 UTC] PHP Warning:  Undefined array key "eael_contact_form_alignment" in C:\Users\Pablo\Local Sites\hachetiedaweb\app\public\wp-content\plugins\essential-addons-for-elementor-lite\includes\Elements\Contact_Form_7.php on line 1735
[07-Aug-2024 14:38:26 UTC] PHP Warning:  Undefined array key "eael_contact_form_alignment" in C:\Users\Pablo\Local Sites\hachetiedaweb\app\public\wp-content\plugins\essential-addons-for-elementor-lite\includes\Elements\Contact_Form_7.php on line 1731
[07-Aug-2024 14:38:26 UTC] PHP Warning:  Undefined array key "eael_contact_form_alignment" in C:\Users\Pablo\Local Sites\hachetiedaweb\app\public\wp-content\plugins\essential-addons-for-elementor-lite\includes\Elements\Contact_Form_7.php on line 1733
[07-Aug-2024 14:38:26 UTC] PHP Warning:  Undefined array key "eael_contact_form_alignment" in C:\Users\Pablo\Local Sites\hachetiedaweb\app\public\wp-content\plugins\essential-addons-for-elementor-lite\includes\Elements\Contact_Form_7.php on line 1735
[07-Aug-2024 14:40:22 UTC] PHP Warning:  Undefined array key "eael_contact_form_alignment" in C:\Users\Pablo\Local Sites\hachetiedaweb\app\public\wp-content\plugins\essential-addons-for-elementor-lite\includes\Elements\Contact_Form_7.php on line 1731
[07-Aug-2024 14:40:22 UTC] PHP Warning:  Undefined array key "eael_contact_form_alignment" in C:\Users\Pablo\Local Sites\hachetiedaweb\app\public\wp-content\plugins\essential-addons-for-elementor-lite\includes\Elements\Contact_Form_7.php on line 1733
[07-Aug-2024 14:40:22 UTC] PHP Warning:  Undefined array key "eael_contact_form_alignment" in C:\Users\Pablo\Local Sites\hachetiedaweb\app\public\wp-content\plugins\essential-addons-for-elementor-lite\includes\Elements\Contact_Form_7.php on line 1735
[07-Aug-2024 14:40:34 UTC] PHP Warning:  Undefined array key "eael_contact_form_alignment" in C:\Users\Pablo\Local Sites\hachetiedaweb\app\public\wp-content\plugins\essential-addons-for-elementor-lite\includes\Elements\Contact_Form_7.php on line 1731
[07-Aug-2024 14:40:34 UTC] PHP Warning:  Undefined array key "eael_contact_form_alignment" in C:\Users\Pablo\Local Sites\hachetiedaweb\app\public\wp-content\plugins\essential-addons-for-elementor-lite\includes\Elements\Contact_Form_7.php on line 1733
[07-Aug-2024 14:40:34 UTC] PHP Warning:  Undefined array key "eael_contact_form_alignment" in C:\Users\Pablo\Local Sites\hachetiedaweb\app\public\wp-content\plugins\essential-addons-for-elementor-lite\includes\Elements\Contact_Form_7.php on line 1735
[07-Aug-2024 14:40:46 UTC] PHP Warning:  Undefined array key "eael_contact_form_alignment" in C:\Users\Pablo\Local Sites\hachetiedaweb\app\public\wp-content\plugins\essential-addons-for-elementor-lite\includes\Elements\Contact_Form_7.php on line 1731
[07-Aug-2024 14:40:46 UTC] PHP Warning:  Undefined array key "eael_contact_form_alignment" in C:\Users\Pablo\Local Sites\hachetiedaweb\app\public\wp-content\plugins\essential-addons-for-elementor-lite\includes\Elements\Contact_Form_7.php on line 1733
[07-Aug-2024 14:40:46 UTC] PHP Warning:  Undefined array key "eael_contact_form_alignment" in C:\Users\Pablo\Local Sites\hachetiedaweb\app\public\wp-content\plugins\essential-addons-for-elementor-lite\includes\Elements\Contact_Form_7.php on line 1735
[07-Aug-2024 15:07:59 UTC] PHP Warning:  Undefined array key "eael_contact_form_alignment" in C:\Users\Pablo\Local Sites\hachetiedaweb\app\public\wp-content\plugins\essential-addons-for-elementor-lite\includes\Elements\Contact_Form_7.php on line 1731
[07-Aug-2024 15:07:59 UTC] PHP Warning:  Undefined array key "eael_contact_form_alignment" in C:\Users\Pablo\Local Sites\hachetiedaweb\app\public\wp-content\plugins\essential-addons-for-elementor-lite\includes\Elements\Contact_Form_7.php on line 1733
[07-Aug-2024 15:07:59 UTC] PHP Warning:  Undefined array key "eael_contact_form_alignment" in C:\Users\Pablo\Local Sites\hachetiedaweb\app\public\wp-content\plugins\essential-addons-for-elementor-lite\includes\Elements\Contact_Form_7.php on line 1735
[07-Aug-2024 15:12:38 UTC] PHP Warning:  Undefined array key "eael_contact_form_alignment" in C:\Users\Pablo\Local Sites\hachetiedaweb\app\public\wp-content\plugins\essential-addons-for-elementor-lite\includes\Elements\Contact_Form_7.php on line 1731
[07-Aug-2024 15:12:38 UTC] PHP Warning:  Undefined array key "eael_contact_form_alignment" in C:\Users\Pablo\Local Sites\hachetiedaweb\app\public\wp-content\plugins\essential-addons-for-elementor-lite\includes\Elements\Contact_Form_7.php on line 1733
[07-Aug-2024 15:12:38 UTC] PHP Warning:  Undefined array key "eael_contact_form_alignment" in C:\Users\Pablo\Local Sites\hachetiedaweb\app\public\wp-content\plugins\essential-addons-for-elementor-lite\includes\Elements\Contact_Form_7.php on line 1735
[07-Aug-2024 15:13:03 UTC] PHP Warning:  Undefined array key "eael_contact_form_alignment" in C:\Users\Pablo\Local Sites\hachetiedaweb\app\public\wp-content\plugins\essential-addons-for-elementor-lite\includes\Elements\Contact_Form_7.php on line 1731
[07-Aug-2024 15:13:03 UTC] PHP Warning:  Undefined array key "eael_contact_form_alignment" in C:\Users\Pablo\Local Sites\hachetiedaweb\app\public\wp-content\plugins\essential-addons-for-elementor-lite\includes\Elements\Contact_Form_7.php on line 1733
[07-Aug-2024 15:13:03 UTC] PHP Warning:  Undefined array key "eael_contact_form_alignment" in C:\Users\Pablo\Local Sites\hachetiedaweb\app\public\wp-content\plugins\essential-addons-for-elementor-lite\includes\Elements\Contact_Form_7.php on line 1735
[11-Aug-2024 18:24:37 UTC] Error de evento de anulación de programación de cron para el gancho: smush_check_for_conflicts. Código de error: could_not_set. Mensaje de error: No se pudo guardar la lista de eventos del cron.. Datos: {"schedule":false,"args":[]}
[12-Aug-2024 12:58:13 UTC] PHP Warning:  Undefined array key "store_debug_mode" in C:\Users\Pablo\Local Sites\hachetiedaweb\app\public\wp-content\plugins\woocommerce-mercadopago\src\Helpers\Form.php on line 39
[12-Aug-2024 12:58:13 UTC] PHP Warning:  Undefined array key "store_cron_config" in C:\Users\Pablo\Local Sites\hachetiedaweb\app\public\wp-content\plugins\woocommerce-mercadopago\src\Helpers\Form.php on line 39
[12-Aug-2024 14:06:27 UTC] Error de evento de anulación de programación de cron para el gancho: smush_check_for_conflicts. Código de error: could_not_set. Mensaje de error: No se pudo guardar la lista de eventos del cron.. Datos: {"schedule":false,"args":[]}
[12-Aug-2024 14:14:28 UTC] Error de evento de anulación de programación de cron para el gancho: smush_check_for_conflicts. Código de error: could_not_set. Mensaje de error: No se pudo guardar la lista de eventos del cron.. Datos: {"schedule":false,"args":[]}
[12-Aug-2024 14:31:10 UTC] Error de evento de anulación de programación de cron para el gancho: smush_check_for_conflicts. Código de error: could_not_set. Mensaje de error: No se pudo guardar la lista de eventos del cron.. Datos: {"schedule":false,"args":[]}
[12-Aug-2024 14:31:43 UTC] Error de evento de anulación de programación de cron para el gancho: smush_check_for_conflicts. Código de error: could_not_set. Mensaje de error: No se pudo guardar la lista de eventos del cron.. Datos: {"schedule":false,"args":[]}
